{"name":"Clicking continue with incomplete form","id":"registration-form;clicking-continue-with-incomplete-form","testSteps":[{"number":1,"description":"Example: {name\u003d\"\", last_name\u003d\"Doe\", email\u003d\" \", month\u003d\"January\", day\u003d\"1\", year\u003d\"1990\", language\u003d\"English\", missing\u003dname}","duration":10566,"startTime":"2023-01-10T22:03:59.550-05:00[America/New_York]","precondition":false,"level":0,"children":[{"number":2,"description":"Given the user is on the registration form","duration":10560,"startTime":"2023-01-10T22:03:59.552-05:00[America/New_York]","exception":{"errorType":"net.thucydides.core.webdriver.exceptions.ElementShouldBeEnabledException","message":"Expected enabled element was not enabled","stackTrace":[{"declaringClass":"steps.InvalidRegistrationSteps","methodName":"the_user_is_on_the_registration_form","fileName":"InvalidRegistrationSteps.java","lineNumber":48},{"declaringClass":"cucumber.runner.Runner","methodName":"runPickle","fileName":"Runner.java","lineNumber":80},{"declaringClass":"worker.org.gradle.process.internal.worker.GradleWorkerMain","methodName":"run","fileName":"GradleWorkerMain.java","lineNumber":69},{"declaringClass":"worker.org.gradle.process.internal.worker.GradleWorkerMain","methodName":"main","fileName":"GradleWorkerMain.java","lineNumber":74}],"rootCause":{"errorType":"org.openqa.selenium.TimeoutException","message":"Expected condition failed: waiting for By.xpath: //a[contains(text(),\u0027Join Today\u0027) and (@class\u003d\u0027unauthenticated-nav-bar__sign-up\u0027)] to be enabled (tried for 5 second(s) with 100 milliseconds interval)","stackTrace":[{"declaringClass":"steps.InvalidRegistrationSteps","methodName":"the_user_is_on_the_registration_form","fileName":"InvalidRegistrationSteps.java","lineNumber":48},{"declaringClass":"cucumber.runner.Runner","methodName":"runPickle","fileName":"Runner.java","lineNumber":80},{"declaringClass":"worker.org.gradle.process.internal.worker.GradleWorkerMain","methodName":"run","fileName":"GradleWorkerMain.java","lineNumber":69},{"declaringClass":"worker.org.gradle.process.internal.worker.GradleWorkerMain","methodName":"main","fileName":"GradleWorkerMain.java","lineNumber":74}],"rootCause":{"errorType":"org.openqa.selenium.NoSuchElementException","message":"no such element: Unable to locate element: {\"method\":\"xpath\",\"selector\":\"//a[contains(text(),\u0027Join Today\u0027) and (@class\u003d\u0027unauthenticated-nav-bar__sign-up\u0027)]\"}\n  (Session info: chrome\u003d108.0.5359.125)\nFor documentation on this error, please visit: https://www.seleniumhq.org/exceptions/no_such_element.html\nBuild info: version: \u00273.141.59\u0027, revision: \u0027e82be7d358\u0027, time: \u00272018-11-14T08:17:03\u0027\nSystem info: host: \u0027LAPTOP-N4HO93IU\u0027, ip: \u0027192.168.1.125\u0027, os.name: \u0027Windows 10\u0027, os.arch: \u0027amd64\u0027, os.version: \u002710.0\u0027, java.version: \u00271.8.0_202\u0027\nDriver info: org.openqa.selenium.chrome.ChromeDriver\nCapabilities {acceptInsecureCerts: false, browserName: chrome, browserVersion: 108.0.5359.125, chrome: {chromedriverVersion: 108.0.5359.71 (1e0e3868ee06..., userDataDir: C:\\Users\\Jose\\AppData\\Local...}, goog:chromeOptions: {debuggerAddress: localhost:56299}, javascriptEnabled: true, networkConnectionEnabled: false, pageLoadStrategy: normal, platform: WINDOWS, platformName: WINDOWS, proxy: Proxy(), setWindowRect: true, strictFileInteractability: false, timeouts: {implicit: 0, pageLoad: 300000, script: 30000}, unhandledPromptBehavior: dismiss and notify, webauthn:extension:credBlob: true, webauthn:extension:largeBlob: true, webauthn:virtualAuthenticators: true}\nSession ID: 756a11a368e75c6f75bd16b22a0b39ec\n*** Element info: {Using\u003dxpath, value\u003d//a[contains(text(),\u0027Join Today\u0027) and (@class\u003d\u0027unauthenticated-nav-bar__sign-up\u0027)]}","stackTrace":[{"declaringClass":"steps.InvalidRegistrationSteps","methodName":"the_user_is_on_the_registration_form","fileName":"InvalidRegistrationSteps.java","lineNumber":48},{"declaringClass":"cucumber.runner.Runner","methodName":"runPickle","fileName":"Runner.java","lineNumber":80},{"declaringClass":"worker.org.gradle.process.internal.worker.GradleWorkerMain","methodName":"run","fileName":"GradleWorkerMain.java","lineNumber":69},{"declaringClass":"worker.org.gradle.process.internal.worker.GradleWorkerMain","methodName":"main","fileName":"GradleWorkerMain.java","lineNumber":74}]}}},"result":"FAILURE","precondition":false,"level":1,"children":[{"number":3,"description":"User opens the https://utest.com","duration":2027,"startTime":"2023-01-10T22:03:59.556-05:00[America/New_York]","screenshots":[{"screenshot":"7684a6af39ec3889465930a6bcd7205e7710e3009f71ad424274937bed0b2031.png","timeStamp":1673406241583}],"result":"SUCCESS","precondition":false,"level":2},{"number":4,"description":"User clicks on Contact link","duration":8520,"startTime":"2023-01-10T22:04:01.588-05:00[America/New_York]","screenshots":[{"screenshot":"7684a6af39ec3889465930a6bcd7205e7710e3009f71ad424274937bed0b2031.png","timeStamp":1673406241596},{"screenshot":"7684a6af39ec3889465930a6bcd7205e7710e3009f71ad424274937bed0b2031.png","htmlSource":"pagesource6999769584530462612.html.txt","timeStamp":1673406250107}],"exception":{"errorType":"net.thucydides.core.webdriver.exceptions.ElementShouldBeEnabledException","message":"Expected enabled element was not enabled","stackTrace":[{"declaringClass":"steps.InvalidRegistrationSteps","methodName":"the_user_is_on_the_registration_form","fileName":"InvalidRegistrationSteps.java","lineNumber":48},{"declaringClass":"cucumber.runner.Runner","methodName":"runPickle","fileName":"Runner.java","lineNumber":80},{"declaringClass":"worker.org.gradle.process.internal.worker.GradleWorkerMain","methodName":"run","fileName":"GradleWorkerMain.java","lineNumber":69},{"declaringClass":"worker.org.gradle.process.internal.worker.GradleWorkerMain","methodName":"main","fileName":"GradleWorkerMain.java","lineNumber":74}],"rootCause":{"errorType":"org.openqa.selenium.TimeoutException","message":"Expected condition failed: waiting for By.xpath: //a[contains(text(),\u0027Join Today\u0027) and (@class\u003d\u0027unauthenticated-nav-bar__sign-up\u0027)] to be enabled (tried for 5 second(s) with 100 milliseconds interval)","stackTrace":[{"declaringClass":"steps.InvalidRegistrationSteps","methodName":"the_user_is_on_the_registration_form","fileName":"InvalidRegistrationSteps.java","lineNumber":48},{"declaringClass":"cucumber.runner.Runner","methodName":"runPickle","fileName":"Runner.java","lineNumber":80},{"declaringClass":"worker.org.gradle.process.internal.worker.GradleWorkerMain","methodName":"run","fileName":"GradleWorkerMain.java","lineNumber":69},{"declaringClass":"worker.org.gradle.process.internal.worker.GradleWorkerMain","methodName":"main","fileName":"GradleWorkerMain.java","lineNumber":74}],"rootCause":{"errorType":"org.openqa.selenium.NoSuchElementException","message":"no such element: Unable to locate element: {\"method\":\"xpath\",\"selector\":\"//a[contains(text(),\u0027Join Today\u0027) and (@class\u003d\u0027unauthenticated-nav-bar__sign-up\u0027)]\"}\n  (Session info: chrome\u003d108.0.5359.125)\nFor documentation on this error, please visit: https://www.seleniumhq.org/exceptions/no_such_element.html\nBuild info: version: \u00273.141.59\u0027, revision: \u0027e82be7d358\u0027, time: \u00272018-11-14T08:17:03\u0027\nSystem info: host: \u0027LAPTOP-N4HO93IU\u0027, ip: \u0027192.168.1.125\u0027, os.name: \u0027Windows 10\u0027, os.arch: \u0027amd64\u0027, os.version: \u002710.0\u0027, java.version: \u00271.8.0_202\u0027\nDriver info: org.openqa.selenium.chrome.ChromeDriver\nCapabilities {acceptInsecureCerts: false, browserName: chrome, browserVersion: 108.0.5359.125, chrome: {chromedriverVersion: 108.0.5359.71 (1e0e3868ee06..., userDataDir: C:\\Users\\Jose\\AppData\\Local...}, goog:chromeOptions: {debuggerAddress: localhost:56299}, javascriptEnabled: true, networkConnectionEnabled: false, pageLoadStrategy: normal, platform: WINDOWS, platformName: WINDOWS, proxy: Proxy(), setWindowRect: true, strictFileInteractability: false, timeouts: {implicit: 0, pageLoad: 300000, script: 30000}, unhandledPromptBehavior: dismiss and notify, webauthn:extension:credBlob: true, webauthn:extension:largeBlob: true, webauthn:virtualAuthenticators: true}\nSession ID: 756a11a368e75c6f75bd16b22a0b39ec\n*** Element info: {Using\u003dxpath, value\u003d//a[contains(text(),\u0027Join Today\u0027) and (@class\u003d\u0027unauthenticated-nav-bar__sign-up\u0027)]}","stackTrace":[{"declaringClass":"steps.InvalidRegistrationSteps","methodName":"the_user_is_on_the_registration_form","fileName":"InvalidRegistrationSteps.java","lineNumber":48},{"declaringClass":"cucumber.runner.Runner","methodName":"runPickle","fileName":"Runner.java","lineNumber":80},{"declaringClass":"worker.org.gradle.process.internal.worker.GradleWorkerMain","methodName":"run","fileName":"GradleWorkerMain.java","lineNumber":69},{"declaringClass":"worker.org.gradle.process.internal.worker.GradleWorkerMain","methodName":"main","fileName":"GradleWorkerMain.java","lineNumber":74}]}}},"result":"FAILURE","precondition":false,"level":2}]}]},{"number":5,"description":"When the user fills the form with data:\"\"\"\"  \"\"Doe\"\"  \"\" \"\"  \"\"January\"\"  \"\"1\"\"  \"\"1990\"\"  \"\"English\"\"","duration":4,"startTime":"2023-01-10T22:04:10.116-05:00[America/New_York]","result":"PENDING","precondition":false,"level":0},{"number":6,"description":"When the user clicks continue","duration":4,"startTime":"2023-01-10T22:04:10.120-05:00[America/New_York]","result":"SKIPPED","precondition":false,"level":0},{"number":7,"description":"Then I should see an error message with the field: name","duration":3,"startTime":"2023-01-10T22:04:10.124-05:00[America/New_York]","result":"SKIPPED","precondition":false,"level":0},{"number":8,"description":"Example: {name\u003d\"John\", last_name\u003d\"\", email\u003d\" \", month\u003d\"January\", day\u003d\"1\", year\u003d\"1990\", language\u003d\"English\", missing\u003dlast_name}","duration":10902,"startTime":"2023-01-10T22:04:10.728-05:00[America/New_York]","precondition":false,"level":0,"children":[{"number":9,"description":"Given the user is on the registration form","duration":10897,"startTime":"2023-01-10T22:04:10.730-05:00[America/New_York]","exception":{"errorType":"net.thucydides.core.webdriver.exceptions.ElementShouldBeEnabledException","message":"Expected enabled element was not enabled","stackTrace":[{"declaringClass":"steps.InvalidRegistrationSteps","methodName":"the_user_is_on_the_registration_form","fileName":"InvalidRegistrationSteps.java","lineNumber":48},{"declaringClass":"cucumber.runner.Runner","methodName":"runPickle","fileName":"Runner.java","lineNumber":80},{"declaringClass":"worker.org.gradle.process.internal.worker.GradleWorkerMain","methodName":"run","fileName":"GradleWorkerMain.java","lineNumber":69},{"declaringClass":"worker.org.gradle.process.internal.worker.GradleWorkerMain","methodName":"main","fileName":"GradleWorkerMain.java","lineNumber":74}],"rootCause":{"errorType":"org.openqa.selenium.TimeoutException","message":"Expected condition failed: waiting for By.xpath: //a[contains(text(),\u0027Join Today\u0027) and (@class\u003d\u0027unauthenticated-nav-bar__sign-up\u0027)] to be enabled (tried for 5 second(s) with 100 milliseconds interval)","stackTrace":[{"declaringClass":"steps.InvalidRegistrationSteps","methodName":"the_user_is_on_the_registration_form","fileName":"InvalidRegistrationSteps.java","lineNumber":48},{"declaringClass":"cucumber.runner.Runner","methodName":"runPickle","fileName":"Runner.java","lineNumber":80},{"declaringClass":"worker.org.gradle.process.internal.worker.GradleWorkerMain","methodName":"run","fileName":"GradleWorkerMain.java","lineNumber":69},{"declaringClass":"worker.org.gradle.process.internal.worker.GradleWorkerMain","methodName":"main","fileName":"GradleWorkerMain.java","lineNumber":74}],"rootCause":{"errorType":"org.openqa.selenium.NoSuchElementException","message":"no such element: Unable to locate element: {\"method\":\"xpath\",\"selector\":\"//a[contains(text(),\u0027Join Today\u0027) and (@class\u003d\u0027unauthenticated-nav-bar__sign-up\u0027)]\"}\n  (Session info: chrome\u003d108.0.5359.125)\nFor documentation on this error, please visit: https://www.seleniumhq.org/exceptions/no_such_element.html\nBuild info: version: \u00273.141.59\u0027, revision: \u0027e82be7d358\u0027, time: \u00272018-11-14T08:17:03\u0027\nSystem info: host: \u0027LAPTOP-N4HO93IU\u0027, ip: \u0027192.168.1.125\u0027, os.name: \u0027Windows 10\u0027, os.arch: \u0027amd64\u0027, os.version: \u002710.0\u0027, java.version: \u00271.8.0_202\u0027\nDriver info: org.openqa.selenium.chrome.ChromeDriver\nCapabilities {acceptInsecureCerts: false, browserName: chrome, browserVersion: 108.0.5359.125, chrome: {chromedriverVersion: 108.0.5359.71 (1e0e3868ee06..., userDataDir: C:\\Users\\Jose\\AppData\\Local...}, goog:chromeOptions: {debuggerAddress: localhost:56342}, javascriptEnabled: true, networkConnectionEnabled: false, pageLoadStrategy: normal, platform: WINDOWS, platformName: WINDOWS, proxy: Proxy(), setWindowRect: true, strictFileInteractability: false, timeouts: {implicit: 0, pageLoad: 300000, script: 30000}, unhandledPromptBehavior: dismiss and notify, webauthn:extension:credBlob: true, webauthn:extension:largeBlob: true, webauthn:virtualAuthenticators: true}\nSession ID: b32a5d18f48d4eb1346ad549ab6fb1b7\n*** Element info: {Using\u003dxpath, value\u003d//a[contains(text(),\u0027Join Today\u0027) and (@class\u003d\u0027unauthenticated-nav-bar__sign-up\u0027)]}","stackTrace":[{"declaringClass":"steps.InvalidRegistrationSteps","methodName":"the_user_is_on_the_registration_form","fileName":"InvalidRegistrationSteps.java","lineNumber":48},{"declaringClass":"cucumber.runner.Runner","methodName":"runPickle","fileName":"Runner.java","lineNumber":80},{"declaringClass":"worker.org.gradle.process.internal.worker.GradleWorkerMain","methodName":"run","fileName":"GradleWorkerMain.java","lineNumber":69},{"declaringClass":"worker.org.gradle.process.internal.worker.GradleWorkerMain","methodName":"main","fileName":"GradleWorkerMain.java","lineNumber":74}]}}},"result":"FAILURE","precondition":false,"level":1,"children":[{"number":10,"description":"User opens the https://utest.com","duration":2366,"startTime":"2023-01-10T22:04:10.735-05:00[America/New_York]","screenshots":[{"screenshot":"7684a6af39ec3889465930a6bcd7205e7710e3009f71ad424274937bed0b2031.png","timeStamp":1673406253101}],"result":"SUCCESS","precondition":false,"level":2},{"number":11,"description":"User clicks on Contact link","duration":8517,"startTime":"2023-01-10T22:04:13.105-05:00[America/New_York]","screenshots":[{"screenshot":"7684a6af39ec3889465930a6bcd7205e7710e3009f71ad424274937bed0b2031.png","timeStamp":1673406253109},{"screenshot":"7684a6af39ec3889465930a6bcd7205e7710e3009f71ad424274937bed0b2031.png","htmlSource":"pagesource1057664523530125376.html.txt","timeStamp":1673406261621}],"exception":{"errorType":"net.thucydides.core.webdriver.exceptions.ElementShouldBeEnabledException","message":"Expected enabled element was not enabled","stackTrace":[{"declaringClass":"steps.InvalidRegistrationSteps","methodName":"the_user_is_on_the_registration_form","fileName":"InvalidRegistrationSteps.java","lineNumber":48},{"declaringClass":"cucumber.runner.Runner","methodName":"runPickle","fileName":"Runner.java","lineNumber":80},{"declaringClass":"worker.org.gradle.process.internal.worker.GradleWorkerMain","methodName":"run","fileName":"GradleWorkerMain.java","lineNumber":69},{"declaringClass":"worker.org.gradle.process.internal.worker.GradleWorkerMain","methodName":"main","fileName":"GradleWorkerMain.java","lineNumber":74}],"rootCause":{"errorType":"org.openqa.selenium.TimeoutException","message":"Expected condition failed: waiting for By.xpath: //a[contains(text(),\u0027Join Today\u0027) and (@class\u003d\u0027unauthenticated-nav-bar__sign-up\u0027)] to be enabled (tried for 5 second(s) with 100 milliseconds interval)","stackTrace":[{"declaringClass":"steps.InvalidRegistrationSteps","methodName":"the_user_is_on_the_registration_form","fileName":"InvalidRegistrationSteps.java","lineNumber":48},{"declaringClass":"cucumber.runner.Runner","methodName":"runPickle","fileName":"Runner.java","lineNumber":80},{"declaringClass":"worker.org.gradle.process.internal.worker.GradleWorkerMain","methodName":"run","fileName":"GradleWorkerMain.java","lineNumber":69},{"declaringClass":"worker.org.gradle.process.internal.worker.GradleWorkerMain","methodName":"main","fileName":"GradleWorkerMain.java","lineNumber":74}],"rootCause":{"errorType":"org.openqa.selenium.NoSuchElementException","message":"no such element: Unable to locate element: {\"method\":\"xpath\",\"selector\":\"//a[contains(text(),\u0027Join Today\u0027) and (@class\u003d\u0027unauthenticated-nav-bar__sign-up\u0027)]\"}\n  (Session info: chrome\u003d108.0.5359.125)\nFor documentation on this error, please visit: https://www.seleniumhq.org/exceptions/no_such_element.html\nBuild info: version: \u00273.141.59\u0027, revision: \u0027e82be7d358\u0027, time: \u00272018-11-14T08:17:03\u0027\nSystem info: host: \u0027LAPTOP-N4HO93IU\u0027, ip: \u0027192.168.1.125\u0027, os.name: \u0027Windows 10\u0027, os.arch: \u0027amd64\u0027, os.version: \u002710.0\u0027, java.version: \u00271.8.0_202\u0027\nDriver info: org.openqa.selenium.chrome.ChromeDriver\nCapabilities {acceptInsecureCerts: false, browserName: chrome, browserVersion: 108.0.5359.125, chrome: {chromedriverVersion: 108.0.5359.71 (1e0e3868ee06..., userDataDir: C:\\Users\\Jose\\AppData\\Local...}, goog:chromeOptions: {debuggerAddress: localhost:56342}, javascriptEnabled: true, networkConnectionEnabled: false, pageLoadStrategy: normal, platform: WINDOWS, platformName: WINDOWS, proxy: Proxy(), setWindowRect: true, strictFileInteractability: false, timeouts: {implicit: 0, pageLoad: 300000, script: 30000}, unhandledPromptBehavior: dismiss and notify, webauthn:extension:credBlob: true, webauthn:extension:largeBlob: true, webauthn:virtualAuthenticators: true}\nSession ID: b32a5d18f48d4eb1346ad549ab6fb1b7\n*** Element info: {Using\u003dxpath, value\u003d//a[contains(text(),\u0027Join Today\u0027) and (@class\u003d\u0027unauthenticated-nav-bar__sign-up\u0027)]}","stackTrace":[{"declaringClass":"steps.InvalidRegistrationSteps","methodName":"the_user_is_on_the_registration_form","fileName":"InvalidRegistrationSteps.java","lineNumber":48},{"declaringClass":"cucumber.runner.Runner","methodName":"runPickle","fileName":"Runner.java","lineNumber":80},{"declaringClass":"worker.org.gradle.process.internal.worker.GradleWorkerMain","methodName":"run","fileName":"GradleWorkerMain.java","lineNumber":69},{"declaringClass":"worker.org.gradle.process.internal.worker.GradleWorkerMain","methodName":"main","fileName":"GradleWorkerMain.java","lineNumber":74}]}}},"result":"FAILURE","precondition":false,"level":2}]}]},{"number":12,"description":"When the user fills the form with data:\"\"John\"\"  \"\"\"\"  \"\" \"\"  \"\"January\"\"  \"\"1\"\"  \"\"1990\"\"  \"\"English\"\"","duration":4,"startTime":"2023-01-10T22:04:21.630-05:00[America/New_York]","result":"PENDING","precondition":false,"level":0},{"number":13,"description":"When the user clicks continue","duration":4,"startTime":"2023-01-10T22:04:21.634-05:00[America/New_York]","result":"IGNORED","precondition":false,"level":0},{"number":14,"description":"Then I should see an error message with the field: last_name","duration":3,"startTime":"2023-01-10T22:04:21.638-05:00[America/New_York]","result":"IGNORED","precondition":false,"level":0},{"number":15,"description":"Example: {name\u003d\"John\", last_name\u003d\"Doe\", email\u003d\"\", month\u003d\"January\", day\u003d\"1\", year\u003d\"1990\", language\u003d\"English\", missing\u003demail}","duration":10863,"startTime":"2023-01-10T22:04:22.243-05:00[America/New_York]","result":"SUCCESS","precondition":false,"level":0,"children":[{"number":16,"description":"Given the user is on the registration form","duration":10858,"startTime":"2023-01-10T22:04:22.244-05:00[America/New_York]","exception":{"errorType":"net.thucydides.core.webdriver.exceptions.ElementShouldBeEnabledException","message":"Expected enabled element was not enabled","stackTrace":[{"declaringClass":"steps.InvalidRegistrationSteps","methodName":"the_user_is_on_the_registration_form","fileName":"InvalidRegistrationSteps.java","lineNumber":48},{"declaringClass":"cucumber.runner.Runner","methodName":"runPickle","fileName":"Runner.java","lineNumber":80},{"declaringClass":"worker.org.gradle.process.internal.worker.GradleWorkerMain","methodName":"run","fileName":"GradleWorkerMain.java","lineNumber":69},{"declaringClass":"worker.org.gradle.process.internal.worker.GradleWorkerMain","methodName":"main","fileName":"GradleWorkerMain.java","lineNumber":74}],"rootCause":{"errorType":"org.openqa.selenium.TimeoutException","message":"Expected condition failed: waiting for By.xpath: //a[contains(text(),\u0027Join Today\u0027) and (@class\u003d\u0027unauthenticated-nav-bar__sign-up\u0027)] to be enabled (tried for 5 second(s) with 100 milliseconds interval)","stackTrace":[{"declaringClass":"steps.InvalidRegistrationSteps","methodName":"the_user_is_on_the_registration_form","fileName":"InvalidRegistrationSteps.java","lineNumber":48},{"declaringClass":"cucumber.runner.Runner","methodName":"runPickle","fileName":"Runner.java","lineNumber":80},{"declaringClass":"worker.org.gradle.process.internal.worker.GradleWorkerMain","methodName":"run","fileName":"GradleWorkerMain.java","lineNumber":69},{"declaringClass":"worker.org.gradle.process.internal.worker.GradleWorkerMain","methodName":"main","fileName":"GradleWorkerMain.java","lineNumber":74}],"rootCause":{"errorType":"org.openqa.selenium.NoSuchElementException","message":"no such element: Unable to locate element: {\"method\":\"xpath\",\"selector\":\"//a[contains(text(),\u0027Join Today\u0027) and (@class\u003d\u0027unauthenticated-nav-bar__sign-up\u0027)]\"}\n  (Session info: chrome\u003d108.0.5359.125)\nFor documentation on this error, please visit: https://www.seleniumhq.org/exceptions/no_such_element.html\nBuild info: version: \u00273.141.59\u0027, revision: \u0027e82be7d358\u0027, time: \u00272018-11-14T08:17:03\u0027\nSystem info: host: \u0027LAPTOP-N4HO93IU\u0027, ip: \u0027192.168.1.125\u0027, os.name: \u0027Windows 10\u0027, os.arch: \u0027amd64\u0027, os.version: \u002710.0\u0027, java.version: \u00271.8.0_202\u0027\nDriver info: org.openqa.selenium.chrome.ChromeDriver\nCapabilities {acceptInsecureCerts: false, browserName: chrome, browserVersion: 108.0.5359.125, chrome: {chromedriverVersion: 108.0.5359.71 (1e0e3868ee06..., userDataDir: C:\\Users\\Jose\\AppData\\Local...}, goog:chromeOptions: {debuggerAddress: localhost:56389}, javascriptEnabled: true, networkConnectionEnabled: false, pageLoadStrategy: normal, platform: WINDOWS, platformName: WINDOWS, proxy: Proxy(), setWindowRect: true, strictFileInteractability: false, timeouts: {implicit: 0, pageLoad: 300000, script: 30000}, unhandledPromptBehavior: dismiss and notify, webauthn:extension:credBlob: true, webauthn:extension:largeBlob: true, webauthn:virtualAuthenticators: true}\nSession ID: 9abfdc0c341b8636aa022ac52ce7f068\n*** Element info: {Using\u003dxpath, value\u003d//a[contains(text(),\u0027Join Today\u0027) and (@class\u003d\u0027unauthenticated-nav-bar__sign-up\u0027)]}","stackTrace":[{"declaringClass":"steps.InvalidRegistrationSteps","methodName":"the_user_is_on_the_registration_form","fileName":"InvalidRegistrationSteps.java","lineNumber":48},{"declaringClass":"cucumber.runner.Runner","methodName":"runPickle","fileName":"Runner.java","lineNumber":80},{"declaringClass":"worker.org.gradle.process.internal.worker.GradleWorkerMain","methodName":"run","fileName":"GradleWorkerMain.java","lineNumber":69},{"declaringClass":"worker.org.gradle.process.internal.worker.GradleWorkerMain","methodName":"main","fileName":"GradleWorkerMain.java","lineNumber":74}]}}},"result":"FAILURE","precondition":false,"level":1,"children":[{"number":17,"description":"User opens the https://utest.com","duration":2355,"startTime":"2023-01-10T22:04:22.250-05:00[America/New_York]","screenshots":[{"screenshot":"7684a6af39ec3889465930a6bcd7205e7710e3009f71ad424274937bed0b2031.png","timeStamp":1673406264605}],"result":"SUCCESS","precondition":false,"level":2},{"number":18,"description":"User clicks on Contact link","duration":8485,"startTime":"2023-01-10T22:04:24.610-05:00[America/New_York]","screenshots":[{"screenshot":"7684a6af39ec3889465930a6bcd7205e7710e3009f71ad424274937bed0b2031.png","timeStamp":1673406264614},{"screenshot":"7684a6af39ec3889465930a6bcd7205e7710e3009f71ad424274937bed0b2031.png","htmlSource":"pagesource8403063237348994337.html.txt","timeStamp":1673406273095}],"exception":{"errorType":"net.thucydides.core.webdriver.exceptions.ElementShouldBeEnabledException","message":"Expected enabled element was not enabled","stackTrace":[{"declaringClass":"steps.InvalidRegistrationSteps","methodName":"the_user_is_on_the_registration_form","fileName":"InvalidRegistrationSteps.java","lineNumber":48},{"declaringClass":"cucumber.runner.Runner","methodName":"runPickle","fileName":"Runner.java","lineNumber":80},{"declaringClass":"worker.org.gradle.process.internal.worker.GradleWorkerMain","methodName":"run","fileName":"GradleWorkerMain.java","lineNumber":69},{"declaringClass":"worker.org.gradle.process.internal.worker.GradleWorkerMain","methodName":"main","fileName":"GradleWorkerMain.java","lineNumber":74}],"rootCause":{"errorType":"org.openqa.selenium.TimeoutException","message":"Expected condition failed: waiting for By.xpath: //a[contains(text(),\u0027Join Today\u0027) and (@class\u003d\u0027unauthenticated-nav-bar__sign-up\u0027)] to be enabled (tried for 5 second(s) with 100 milliseconds interval)","stackTrace":[{"declaringClass":"steps.InvalidRegistrationSteps","methodName":"the_user_is_on_the_registration_form","fileName":"InvalidRegistrationSteps.java","lineNumber":48},{"declaringClass":"cucumber.runner.Runner","methodName":"runPickle","fileName":"Runner.java","lineNumber":80},{"declaringClass":"worker.org.gradle.process.internal.worker.GradleWorkerMain","methodName":"run","fileName":"GradleWorkerMain.java","lineNumber":69},{"declaringClass":"worker.org.gradle.process.internal.worker.GradleWorkerMain","methodName":"main","fileName":"GradleWorkerMain.java","lineNumber":74}],"rootCause":{"errorType":"org.openqa.selenium.NoSuchElementException","message":"no such element: Unable to locate element: {\"method\":\"xpath\",\"selector\":\"//a[contains(text(),\u0027Join Today\u0027) and (@class\u003d\u0027unauthenticated-nav-bar__sign-up\u0027)]\"}\n  (Session info: chrome\u003d108.0.5359.125)\nFor documentation on this error, please visit: https://www.seleniumhq.org/exceptions/no_such_element.html\nBuild info: version: \u00273.141.59\u0027, revision: \u0027e82be7d358\u0027, time: \u00272018-11-14T08:17:03\u0027\nSystem info: host: \u0027LAPTOP-N4HO93IU\u0027, ip: \u0027192.168.1.125\u0027, os.name: \u0027Windows 10\u0027, os.arch: \u0027amd64\u0027, os.version: \u002710.0\u0027, java.version: \u00271.8.0_202\u0027\nDriver info: org.openqa.selenium.chrome.ChromeDriver\nCapabilities {acceptInsecureCerts: false, browserName: chrome, browserVersion: 108.0.5359.125, chrome: {chromedriverVersion: 108.0.5359.71 (1e0e3868ee06..., userDataDir: C:\\Users\\Jose\\AppData\\Local...}, goog:chromeOptions: {debuggerAddress: localhost:56389}, javascriptEnabled: true, networkConnectionEnabled: false, pageLoadStrategy: normal, platform: WINDOWS, platformName: WINDOWS, proxy: Proxy(), setWindowRect: true, strictFileInteractability: false, timeouts: {implicit: 0, pageLoad: 300000, script: 30000}, unhandledPromptBehavior: dismiss and notify, webauthn:extension:credBlob: true, webauthn:extension:largeBlob: true, webauthn:virtualAuthenticators: true}\nSession ID: 9abfdc0c341b8636aa022ac52ce7f068\n*** Element info: {Using\u003dxpath, value\u003d//a[contains(text(),\u0027Join Today\u0027) and (@class\u003d\u0027unauthenticated-nav-bar__sign-up\u0027)]}","stackTrace":[{"declaringClass":"steps.InvalidRegistrationSteps","methodName":"the_user_is_on_the_registration_form","fileName":"InvalidRegistrationSteps.java","lineNumber":48},{"declaringClass":"cucumber.runner.Runner","methodName":"runPickle","fileName":"Runner.java","lineNumber":80},{"declaringClass":"worker.org.gradle.process.internal.worker.GradleWorkerMain","methodName":"run","fileName":"GradleWorkerMain.java","lineNumber":69},{"declaringClass":"worker.org.gradle.process.internal.worker.GradleWorkerMain","methodName":"main","fileName":"GradleWorkerMain.java","lineNumber":74}]}}},"result":"FAILURE","precondition":false,"level":2}]}]},{"number":19,"description":"When the user fills the form with data:\"\"John\"\"  \"\"Doe\"\"  \"\"\"\"  \"\"January\"\"  \"\"1\"\"  \"\"1990\"\"  \"\"English\"\"","duration":4,"startTime":"2023-01-10T22:04:33.106-05:00[America/New_York]","result":"PENDING","precondition":false,"level":0},{"number":20,"description":"When the user clicks continue","duration":3,"startTime":"2023-01-10T22:04:33.110-05:00[America/New_York]","result":"IGNORED","precondition":false,"level":0},{"number":21,"description":"Then I should see an error message with the field: email","duration":3,"startTime":"2023-01-10T22:04:33.114-05:00[America/New_York]","result":"IGNORED","precondition":false,"level":0}],"userStory":{"id":"registration-form","storyName":"Registration Form","path":"src/test/resources/features/Registration.feature","narrative":"    Want to fill the Registration form with valid data\n    With the goal of creating a new user","type":"feature"},"featureTag":{"name":"Features/Registration Form","type":"feature","displayName":"Features/Registration Form"},"title":"Clicking continue with incomplete form","tags":[{"name":"Registration Form","type":"feature","displayName":"Registration Form"}],"startTime":"2023-01-10T22:03:59.547-05:00[America/New_York]","duration":34150,"testFailureCause":{"errorType":"net.thucydides.core.webdriver.exceptions.ElementShouldBeEnabledException","message":"Expected enabled element was not enabled","stackTrace":[{"declaringClass":"steps.InvalidRegistrationSteps","methodName":"the_user_is_on_the_registration_form","fileName":"InvalidRegistrationSteps.java","lineNumber":48},{"declaringClass":"cucumber.runner.Runner","methodName":"runPickle","fileName":"Runner.java","lineNumber":80},{"declaringClass":"worker.org.gradle.process.internal.worker.GradleWorkerMain","methodName":"run","fileName":"GradleWorkerMain.java","lineNumber":69},{"declaringClass":"worker.org.gradle.process.internal.worker.GradleWorkerMain","methodName":"main","fileName":"GradleWorkerMain.java","lineNumber":74}],"rootCause":{"errorType":"org.openqa.selenium.TimeoutException","message":"Expected condition failed: waiting for By.xpath: //a[contains(text(),\u0027Join Today\u0027) and (@class\u003d\u0027unauthenticated-nav-bar__sign-up\u0027)] to be enabled (tried for 5 second(s) with 100 milliseconds interval)","stackTrace":[{"declaringClass":"steps.InvalidRegistrationSteps","methodName":"the_user_is_on_the_registration_form","fileName":"InvalidRegistrationSteps.java","lineNumber":48},{"declaringClass":"cucumber.runner.Runner","methodName":"runPickle","fileName":"Runner.java","lineNumber":80},{"declaringClass":"worker.org.gradle.process.internal.worker.GradleWorkerMain","methodName":"run","fileName":"GradleWorkerMain.java","lineNumber":69},{"declaringClass":"worker.org.gradle.process.internal.worker.GradleWorkerMain","methodName":"main","fileName":"GradleWorkerMain.java","lineNumber":74}],"rootCause":{"errorType":"org.openqa.selenium.NoSuchElementException","message":"no such element: Unable to locate element: {\"method\":\"xpath\",\"selector\":\"//a[contains(text(),\u0027Join Today\u0027) and (@class\u003d\u0027unauthenticated-nav-bar__sign-up\u0027)]\"}\n  (Session info: chrome\u003d108.0.5359.125)\nFor documentation on this error, please visit: https://www.seleniumhq.org/exceptions/no_such_element.html\nBuild info: version: \u00273.141.59\u0027, revision: \u0027e82be7d358\u0027, time: \u00272018-11-14T08:17:03\u0027\nSystem info: host: \u0027LAPTOP-N4HO93IU\u0027, ip: \u0027192.168.1.125\u0027, os.name: \u0027Windows 10\u0027, os.arch: \u0027amd64\u0027, os.version: \u002710.0\u0027, java.version: \u00271.8.0_202\u0027\nDriver info: org.openqa.selenium.chrome.ChromeDriver\nCapabilities {acceptInsecureCerts: false, browserName: chrome, browserVersion: 108.0.5359.125, chrome: {chromedriverVersion: 108.0.5359.71 (1e0e3868ee06..., userDataDir: C:\\Users\\Jose\\AppData\\Local...}, goog:chromeOptions: {debuggerAddress: localhost:56299}, javascriptEnabled: true, networkConnectionEnabled: false, pageLoadStrategy: normal, platform: WINDOWS, platformName: WINDOWS, proxy: Proxy(), setWindowRect: true, strictFileInteractability: false, timeouts: {implicit: 0, pageLoad: 300000, script: 30000}, unhandledPromptBehavior: dismiss and notify, webauthn:extension:credBlob: true, webauthn:extension:largeBlob: true, webauthn:virtualAuthenticators: true}\nSession ID: 756a11a368e75c6f75bd16b22a0b39ec\n*** Element info: {Using\u003dxpath, value\u003d//a[contains(text(),\u0027Join Today\u0027) and (@class\u003d\u0027unauthenticated-nav-bar__sign-up\u0027)]}","stackTrace":[{"declaringClass":"steps.InvalidRegistrationSteps","methodName":"the_user_is_on_the_registration_form","fileName":"InvalidRegistrationSteps.java","lineNumber":48},{"declaringClass":"cucumber.runner.Runner","methodName":"runPickle","fileName":"Runner.java","lineNumber":80},{"declaringClass":"worker.org.gradle.process.internal.worker.GradleWorkerMain","methodName":"run","fileName":"GradleWorkerMain.java","lineNumber":69},{"declaringClass":"worker.org.gradle.process.internal.worker.GradleWorkerMain","methodName":"main","fileName":"GradleWorkerMain.java","lineNumber":74}]}}},"testFailureClassname":"net.thucydides.core.webdriver.exceptions.ElementShouldBeEnabledException","testFailureMessage":"Expected enabled element was not enabled","testFailureSummary":"FAILURE;net.thucydides.core.webdriver.exceptions.ElementShouldBeEnabledException;Expected enabled element was not enabled;InvalidRegistrationSteps.java","projectKey":"","annotatedResult":"PENDING","isManualTestingUpToDate":false,"dataTable":{"headers":["name","last_name","email","month","day","year","language","missing"],"rows":[{"values":["\"\"","\"Doe\"","\" \"","\"January\"","\"1\"","\"1990\"","\"English\"","name"],"result":"FAILURE"},{"values":["\"John\"","\"\"","\" \"","\"January\"","\"1\"","\"1990\"","\"English\"","last_name"],"result":"FAILURE"},{"values":["\"John\"","\"Doe\"","\"\"","\"January\"","\"1\"","\"1990\"","\"English\"","email"],"result":"FAILURE"}],"predefinedRows":true,"scenarioOutline":"Given the user is on the registration form\n\rWhen the user fills the form with data:\"\u003cname\u003e\"  \"\u003clast_name\u003e\"  \"\u003cemail\u003e\"  \"\u003cmonth\u003e\"  \"\u003cday\u003e\"  \"\u003cyear\u003e\"  \"\u003clanguage\u003e\"\n\rWhen the user clicks continue\n\rThen I should see an error message with the field: \u003cmissing\u003e\n\r","dataSetDescriptors":[{"startRow":0,"rowCount":0,"name":""}]},"manual":false,"testSource":"Cucumber","actors":[{"name":"User","can":["browse the web"]}],"result":"PENDING","scenarioOutline":"Given the user is on the registration form\r\nWhen the user fills the form with data:\"\u003cname\u003e\"  \"\u003clast_name\u003e\"  \"\u003cemail\u003e\"  \"\u003cmonth\u003e\"  \"\u003cday\u003e\"  \"\u003cyear\u003e\"  \"\u003clanguage\u003e\"\r\nWhen the user clicks continue\r\nThen I should see an error message with the field: \u003cmissing\u003e"}